[0.144s] DEBUG:colcon:Command line arguments: ['/usr/bin/colcon', 'build', '--packages-select', 'mapping']
[0.144s] DEBUG:colcon:Parsed command line arguments: Namespace(log_base=None, log_level=None, verb_name='build', build_base='build', install_base='install', merge_install=False, symlink_install=False, test_result_base=None, continue_on_error=False, executor='parallel', parallel_workers=4, event_handlers=None, ignore_user_meta=False, metas=['./colcon.meta'], base_paths=['.'], packages_ignore=None, packages_ignore_regex=None, paths=None, packages_up_to=None, packages_up_to_regex=None, packages_above=None, packages_above_and_dependencies=None, packages_above_depth=None, packages_select_by_dep=None, packages_skip_by_dep=None, packages_skip_up_to=None, packages_select_build_failed=False, packages_skip_build_finished=False, packages_select_test_failures=False, packages_skip_test_passed=False, packages_select=['mapping'], packages_skip=None, packages_select_regex=None, packages_skip_regex=None, packages_start=None, packages_end=None, allow_overriding=[], cmake_args=None, cmake_target=None, cmake_target_skip_unavailable=False, cmake_clean_cache=False, cmake_clean_first=False, cmake_force_configure=False, ament_cmake_args=None, catkin_cmake_args=None, catkin_skip_building_tests=False, mixin_files=None, mixin=None, verb_parser=<colcon_mixin.mixin.mixin_argument.MixinArgumentDecorator object at 0xffffb1cbfe60>, verb_extension=<colcon_core.verb.build.BuildVerb object at 0xffffb1ea08c0>, main=<bound method BuildVerb.main of <colcon_core.verb.build.BuildVerb object at 0xffffb1ea08c0>>, mixin_verb=('build',))
[0.198s] Level 1:colcon.colcon_core.package_discovery:discover_packages(colcon_meta) check parameters
[0.198s] Level 1:colcon.colcon_core.package_discovery:discover_packages(recursive) check parameters
[0.198s] Level 1:colcon.colcon_core.package_discovery:discover_packages(ignore) check parameters
[0.198s] Level 1:colcon.colcon_core.package_discovery:discover_packages(path) check parameters
[0.198s] Level 1:colcon.colcon_core.package_discovery:discover_packages(colcon_meta) discover
[0.198s] Level 1:colcon.colcon_core.package_discovery:discover_packages(recursive) discover
[0.198s] INFO:colcon.colcon_core.package_discovery:Crawling recursively for packages in '/home/mlf_hntr/fb_ws/ROS2_FollowBot/FollowBotAROS2/src/mapping'
[0.198s] Level 1:colcon.colcon_core.package_identification:_identify(.) by extensions ['ignore', 'ignore_ament_install']
[0.198s] Level 1:colcon.colcon_core.package_identification:_identify(.) by extension 'ignore'
[0.198s] Level 1:colcon.colcon_core.package_identification:_identify(.) by extension 'ignore_ament_install'
[0.198s] Level 1:colcon.colcon_core.package_identification:_identify(.) by extensions ['colcon_pkg']
[0.199s] Level 1:colcon.colcon_core.package_identification:_identify(.) by extension 'colcon_pkg'
[0.199s] Level 1:colcon.colcon_core.package_identification:_identify(.) by extensions ['colcon_meta']
[0.199s] Level 1:colcon.colcon_core.package_identification:_identify(.) by extension 'colcon_meta'
[0.199s] Level 1:colcon.colcon_core.package_identification:_identify(.) by extensions ['ros']
[0.199s] Level 1:colcon.colcon_core.package_identification:_identify(.) by extension 'ros'
[0.237s] DEBUG:colcon.colcon_core.package_identification:Package '.' with type 'ros.ament_cmake' and name 'mapping'
[0.237s] Level 1:colcon.colcon_core.package_discovery:discover_packages(recursive) using defaults
[0.237s] Level 1:colcon.colcon_core.package_discovery:discover_packages(ignore) discover
[0.237s] Level 1:colcon.colcon_core.package_discovery:discover_packages(ignore) using defaults
[0.237s] Level 1:colcon.colcon_core.package_discovery:discover_packages(path) discover
[0.237s] Level 1:colcon.colcon_core.package_discovery:discover_packages(path) using defaults
[0.260s] Level 1:colcon.colcon_core.package_discovery:discover_packages(prefix_path) check parameters
[0.260s] Level 1:colcon.colcon_core.package_discovery:discover_packages(prefix_path) discover
[0.261s] WARNING:colcon.colcon_ros.prefix_path.ament:The path '/home/mlf_hntr/fb_ws/ROS2_FollowBot/FollowBotAROS2/src/mapping/install/mapping' in the environment variable AMENT_PREFIX_PATH doesn't exist
[0.261s] WARNING:colcon.colcon_ros.prefix_path.catkin:The path '/home/mlf_hntr/fb_ws/ROS2_FollowBot/FollowBotAROS2/src/mapping/install/mapping' in the environment variable CMAKE_PREFIX_PATH doesn't exist
[0.262s] DEBUG:colcon.colcon_installed_package_information.package_discovery:Found 0 installed packages in /home/mlf_hntr/fb_ws/ROS2_FollowBot/FollowBotAROS2/src/mapping/install
[0.265s] DEBUG:colcon.colcon_installed_package_information.package_discovery:Found 438 installed packages in /opt/ros/jazzy
[0.267s] Level 1:colcon.colcon_core.package_discovery:discover_packages(prefix_path) using defaults
[0.348s] Level 5:colcon.colcon_core.verb:set package 'mapping' build argument 'cmake_args' from command line to 'None'
[0.349s] Level 5:colcon.colcon_core.verb:set package 'mapping' build argument 'cmake_target' from command line to 'None'
[0.349s] Level 5:colcon.colcon_core.verb:set package 'mapping' build argument 'cmake_target_skip_unavailable' from command line to 'False'
[0.349s] Level 5:colcon.colcon_core.verb:set package 'mapping' build argument 'cmake_clean_cache' from command line to 'False'
[0.349s] Level 5:colcon.colcon_core.verb:set package 'mapping' build argument 'cmake_clean_first' from command line to 'False'
[0.349s] Level 5:colcon.colcon_core.verb:set package 'mapping' build argument 'cmake_force_configure' from command line to 'False'
[0.349s] Level 5:colcon.colcon_core.verb:set package 'mapping' build argument 'ament_cmake_args' from command line to 'None'
[0.349s] Level 5:colcon.colcon_core.verb:set package 'mapping' build argument 'catkin_cmake_args' from command line to 'None'
[0.349s] Level 5:colcon.colcon_core.verb:set package 'mapping' build argument 'catkin_skip_building_tests' from command line to 'False'
[0.349s] DEBUG:colcon.colcon_core.verb:Building package 'mapping' with the following arguments: {'ament_cmake_args': None, 'build_base': '/home/mlf_hntr/fb_ws/ROS2_FollowBot/FollowBotAROS2/src/mapping/build/mapping', 'catkin_cmake_args': None, 'catkin_skip_building_tests': False, 'cmake_args': None, 'cmake_clean_cache': False, 'cmake_clean_first': False, 'cmake_force_configure': False, 'cmake_target': None, 'cmake_target_skip_unavailable': False, 'install_base': '/home/mlf_hntr/fb_ws/ROS2_FollowBot/FollowBotAROS2/src/mapping/install/mapping', 'merge_install': False, 'path': '/home/mlf_hntr/fb_ws/ROS2_FollowBot/FollowBotAROS2/src/mapping', 'symlink_install': False, 'test_result_base': None}
[0.349s] INFO:colcon.colcon_core.executor:Executing jobs using 'parallel' executor
[0.350s] DEBUG:colcon.colcon_parallel_executor.executor.parallel:run_until_complete
[0.351s] INFO:colcon.colcon_ros.task.ament_cmake.build:Building ROS package in '/home/mlf_hntr/fb_ws/ROS2_FollowBot/FollowBotAROS2/src/mapping' with build type 'ament_cmake'
[0.351s] INFO:colcon.colcon_cmake.task.cmake.build:Building CMake package in '/home/mlf_hntr/fb_ws/ROS2_FollowBot/FollowBotAROS2/src/mapping'
[0.353s] INFO:colcon.colcon_core.plugin_system:Skipping extension 'colcon_core.shell.bat': Not used on non-Windows systems
[0.353s] INFO:colcon.colcon_core.shell:Skip shell extension 'powershell' for command environment: Not usable outside of PowerShell
[0.353s] DEBUG:colcon.colcon_core.shell:Skip shell extension 'dsv' for command environment
[0.364s] DEBUG:colcon.colcon_core.event_handler.log_command:Invoking command in '/home/mlf_hntr/fb_ws/ROS2_FollowBot/FollowBotAROS2/src/mapping/build/mapping': CMAKE_PREFIX_PATH=${CMAKE_PREFIX_PATH}:/opt/ros/jazzy DEBUGINFOD_URLS=https://debuginfod.ubuntu.com /usr/bin/cmake /home/mlf_hntr/fb_ws/ROS2_FollowBot/FollowBotAROS2/src/mapping -DCMAKE_INSTALL_PREFIX=/home/mlf_hntr/fb_ws/ROS2_FollowBot/FollowBotAROS2/src/mapping/install/mapping
[2.709s] DEBUG:colcon.colcon_core.event_handler.log_command:Invoked command in '/home/mlf_hntr/fb_ws/ROS2_FollowBot/FollowBotAROS2/src/mapping/build/mapping' returned '0': CMAKE_PREFIX_PATH=${CMAKE_PREFIX_PATH}:/opt/ros/jazzy DEBUGINFOD_URLS=https://debuginfod.ubuntu.com /usr/bin/cmake /home/mlf_hntr/fb_ws/ROS2_FollowBot/FollowBotAROS2/src/mapping -DCMAKE_INSTALL_PREFIX=/home/mlf_hntr/fb_ws/ROS2_FollowBot/FollowBotAROS2/src/mapping/install/mapping
[2.711s] DEBUG:colcon.colcon_core.event_handler.log_command:Invoking command in '/home/mlf_hntr/fb_ws/ROS2_FollowBot/FollowBotAROS2/src/mapping/build/mapping': CMAKE_PREFIX_PATH=${CMAKE_PREFIX_PATH}:/opt/ros/jazzy DEBUGINFOD_URLS=https://debuginfod.ubuntu.com /usr/bin/cmake --build /home/mlf_hntr/fb_ws/ROS2_FollowBot/FollowBotAROS2/src/mapping/build/mapping -- -j4 -l4
[16.902s] DEBUG:colcon.colcon_core.event_handler.log_command:Invoked command in '/home/mlf_hntr/fb_ws/ROS2_FollowBot/FollowBotAROS2/src/mapping/build/mapping' returned '0': CMAKE_PREFIX_PATH=${CMAKE_PREFIX_PATH}:/opt/ros/jazzy DEBUGINFOD_URLS=https://debuginfod.ubuntu.com /usr/bin/cmake --build /home/mlf_hntr/fb_ws/ROS2_FollowBot/FollowBotAROS2/src/mapping/build/mapping -- -j4 -l4
[16.921s] DEBUG:colcon.colcon_core.event_handler.log_command:Invoking command in '/home/mlf_hntr/fb_ws/ROS2_FollowBot/FollowBotAROS2/src/mapping/build/mapping': CMAKE_PREFIX_PATH=${CMAKE_PREFIX_PATH}:/opt/ros/jazzy DEBUGINFOD_URLS=https://debuginfod.ubuntu.com /usr/bin/cmake --install /home/mlf_hntr/fb_ws/ROS2_FollowBot/FollowBotAROS2/src/mapping/build/mapping
[16.959s] Level 1:colcon.colcon_core.environment:create_environment_scripts_only(mapping)
[16.959s] DEBUG:colcon.colcon_core.event_handler.log_command:Invoked command in '/home/mlf_hntr/fb_ws/ROS2_FollowBot/FollowBotAROS2/src/mapping/build/mapping' returned '0': CMAKE_PREFIX_PATH=${CMAKE_PREFIX_PATH}:/opt/ros/jazzy DEBUGINFOD_URLS=https://debuginfod.ubuntu.com /usr/bin/cmake --install /home/mlf_hntr/fb_ws/ROS2_FollowBot/FollowBotAROS2/src/mapping/build/mapping
[16.962s] Level 1:colcon.colcon_core.environment:checking '/home/mlf_hntr/fb_ws/ROS2_FollowBot/FollowBotAROS2/src/mapping/install/mapping' for CMake module files
[16.962s] Level 1:colcon.colcon_core.environment:checking '/home/mlf_hntr/fb_ws/ROS2_FollowBot/FollowBotAROS2/src/mapping/install/mapping' for CMake config files
[16.963s] Level 1:colcon.colcon_core.shell:create_environment_hook('mapping', 'cmake_prefix_path')
[16.963s] INFO:colcon.colcon_core.shell:Creating environment hook '/home/mlf_hntr/fb_ws/ROS2_FollowBot/FollowBotAROS2/src/mapping/install/mapping/share/mapping/hook/cmake_prefix_path.ps1'
[16.964s] INFO:colcon.colcon_core.shell:Creating environment descriptor '/home/mlf_hntr/fb_ws/ROS2_FollowBot/FollowBotAROS2/src/mapping/install/mapping/share/mapping/hook/cmake_prefix_path.dsv'
[16.964s] INFO:colcon.colcon_core.shell:Creating environment hook '/home/mlf_hntr/fb_ws/ROS2_FollowBot/FollowBotAROS2/src/mapping/install/mapping/share/mapping/hook/cmake_prefix_path.sh'
[16.965s] Level 1:colcon.colcon_core.environment:checking '/home/mlf_hntr/fb_ws/ROS2_FollowBot/FollowBotAROS2/src/mapping/install/mapping/lib'
[16.966s] Level 1:colcon.colcon_core.environment:checking '/home/mlf_hntr/fb_ws/ROS2_FollowBot/FollowBotAROS2/src/mapping/install/mapping/bin'
[16.966s] Level 1:colcon.colcon_core.environment:checking '/home/mlf_hntr/fb_ws/ROS2_FollowBot/FollowBotAROS2/src/mapping/install/mapping/lib/pkgconfig/mapping.pc'
[16.966s] Level 1:colcon.colcon_core.environment:checking '/home/mlf_hntr/fb_ws/ROS2_FollowBot/FollowBotAROS2/src/mapping/install/mapping/lib/python3.12/site-packages'
[16.966s] Level 1:colcon.colcon_core.environment:checking '/home/mlf_hntr/fb_ws/ROS2_FollowBot/FollowBotAROS2/src/mapping/install/mapping/bin'
[16.967s] INFO:colcon.colcon_core.shell:Creating package script '/home/mlf_hntr/fb_ws/ROS2_FollowBot/FollowBotAROS2/src/mapping/install/mapping/share/mapping/package.ps1'
[16.968s] INFO:colcon.colcon_core.shell:Creating package descriptor '/home/mlf_hntr/fb_ws/ROS2_FollowBot/FollowBotAROS2/src/mapping/install/mapping/share/mapping/package.dsv'
[16.968s] INFO:colcon.colcon_core.shell:Creating package script '/home/mlf_hntr/fb_ws/ROS2_FollowBot/FollowBotAROS2/src/mapping/install/mapping/share/mapping/package.sh'
[16.969s] INFO:colcon.colcon_core.shell:Creating package script '/home/mlf_hntr/fb_ws/ROS2_FollowBot/FollowBotAROS2/src/mapping/install/mapping/share/mapping/package.bash'
[16.970s] INFO:colcon.colcon_core.shell:Creating package script '/home/mlf_hntr/fb_ws/ROS2_FollowBot/FollowBotAROS2/src/mapping/install/mapping/share/mapping/package.zsh'
[16.971s] Level 1:colcon.colcon_core.environment:create_file_with_runtime_dependencies(/home/mlf_hntr/fb_ws/ROS2_FollowBot/FollowBotAROS2/src/mapping/install/mapping/share/colcon-core/packages/mapping)
[16.972s] Level 1:colcon.colcon_core.environment:create_environment_scripts_only(mapping)
[16.972s] Level 1:colcon.colcon_core.environment:checking '/home/mlf_hntr/fb_ws/ROS2_FollowBot/FollowBotAROS2/src/mapping/install/mapping' for CMake module files
[16.973s] Level 1:colcon.colcon_core.environment:checking '/home/mlf_hntr/fb_ws/ROS2_FollowBot/FollowBotAROS2/src/mapping/install/mapping' for CMake config files
[16.973s] Level 1:colcon.colcon_core.shell:create_environment_hook('mapping', 'cmake_prefix_path')
[16.973s] INFO:colcon.colcon_core.shell:Creating environment hook '/home/mlf_hntr/fb_ws/ROS2_FollowBot/FollowBotAROS2/src/mapping/install/mapping/share/mapping/hook/cmake_prefix_path.ps1'
[16.974s] INFO:colcon.colcon_core.shell:Creating environment descriptor '/home/mlf_hntr/fb_ws/ROS2_FollowBot/FollowBotAROS2/src/mapping/install/mapping/share/mapping/hook/cmake_prefix_path.dsv'
[16.974s] INFO:colcon.colcon_core.shell:Creating environment hook '/home/mlf_hntr/fb_ws/ROS2_FollowBot/FollowBotAROS2/src/mapping/install/mapping/share/mapping/hook/cmake_prefix_path.sh'
[16.975s] Level 1:colcon.colcon_core.environment:checking '/home/mlf_hntr/fb_ws/ROS2_FollowBot/FollowBotAROS2/src/mapping/install/mapping/lib'
[16.975s] Level 1:colcon.colcon_core.environment:checking '/home/mlf_hntr/fb_ws/ROS2_FollowBot/FollowBotAROS2/src/mapping/install/mapping/bin'
[16.975s] Level 1:colcon.colcon_core.environment:checking '/home/mlf_hntr/fb_ws/ROS2_FollowBot/FollowBotAROS2/src/mapping/install/mapping/lib/pkgconfig/mapping.pc'
[16.975s] Level 1:colcon.colcon_core.environment:checking '/home/mlf_hntr/fb_ws/ROS2_FollowBot/FollowBotAROS2/src/mapping/install/mapping/lib/python3.12/site-packages'
[16.976s] Level 1:colcon.colcon_core.environment:checking '/home/mlf_hntr/fb_ws/ROS2_FollowBot/FollowBotAROS2/src/mapping/install/mapping/bin'
[16.976s] INFO:colcon.colcon_core.shell:Creating package script '/home/mlf_hntr/fb_ws/ROS2_FollowBot/FollowBotAROS2/src/mapping/install/mapping/share/mapping/package.ps1'
[16.977s] INFO:colcon.colcon_core.shell:Creating package descriptor '/home/mlf_hntr/fb_ws/ROS2_FollowBot/FollowBotAROS2/src/mapping/install/mapping/share/mapping/package.dsv'
[16.977s] INFO:colcon.colcon_core.shell:Creating package script '/home/mlf_hntr/fb_ws/ROS2_FollowBot/FollowBotAROS2/src/mapping/install/mapping/share/mapping/package.sh'
[16.978s] INFO:colcon.colcon_core.shell:Creating package script '/home/mlf_hntr/fb_ws/ROS2_FollowBot/FollowBotAROS2/src/mapping/install/mapping/share/mapping/package.bash'
[16.978s] INFO:colcon.colcon_core.shell:Creating package script '/home/mlf_hntr/fb_ws/ROS2_FollowBot/FollowBotAROS2/src/mapping/install/mapping/share/mapping/package.zsh'
[16.978s] Level 1:colcon.colcon_core.environment:create_file_with_runtime_dependencies(/home/mlf_hntr/fb_ws/ROS2_FollowBot/FollowBotAROS2/src/mapping/install/mapping/share/colcon-core/packages/mapping)
[16.979s] DEBUG:colcon.colcon_parallel_executor.executor.parallel:closing loop
[16.979s] DEBUG:colcon.colcon_parallel_executor.executor.parallel:loop closed
[16.979s] DEBUG:colcon.colcon_parallel_executor.executor.parallel:run_until_complete finished with '0'
[16.979s] DEBUG:colcon.colcon_core.event_reactor:joining thread
[16.987s] INFO:colcon.colcon_core.plugin_system:Skipping extension 'colcon_notification.desktop_notification.terminal_notifier': Not used on non-Darwin systems
[16.987s] INFO:colcon.colcon_core.plugin_system:Skipping extension 'colcon_notification.desktop_notification.win32': Not used on non-Windows systems
[16.987s] INFO:colcon.colcon_notification.desktop_notification:Sending desktop notification using 'notify2'
[17.007s] DEBUG:colcon.colcon_core.event_reactor:joined thread
[17.007s] INFO:colcon.colcon_core.shell:Creating prefix script '/home/mlf_hntr/fb_ws/ROS2_FollowBot/FollowBotAROS2/src/mapping/install/local_setup.ps1'
[17.009s] INFO:colcon.colcon_core.shell:Creating prefix util module '/home/mlf_hntr/fb_ws/ROS2_FollowBot/FollowBotAROS2/src/mapping/install/_local_setup_util_ps1.py'
[17.010s] INFO:colcon.colcon_core.shell:Creating prefix chain script '/home/mlf_hntr/fb_ws/ROS2_FollowBot/FollowBotAROS2/src/mapping/install/setup.ps1'
[17.012s] INFO:colcon.colcon_core.shell:Creating prefix script '/home/mlf_hntr/fb_ws/ROS2_FollowBot/FollowBotAROS2/src/mapping/install/local_setup.sh'
[17.013s] INFO:colcon.colcon_core.shell:Creating prefix util module '/home/mlf_hntr/fb_ws/ROS2_FollowBot/FollowBotAROS2/src/mapping/install/_local_setup_util_sh.py'
[17.014s] INFO:colcon.colcon_core.shell:Creating prefix chain script '/home/mlf_hntr/fb_ws/ROS2_FollowBot/FollowBotAROS2/src/mapping/install/setup.sh'
[17.015s] INFO:colcon.colcon_core.shell:Creating prefix script '/home/mlf_hntr/fb_ws/ROS2_FollowBot/FollowBotAROS2/src/mapping/install/local_setup.bash'
[17.016s] INFO:colcon.colcon_core.shell:Creating prefix chain script '/home/mlf_hntr/fb_ws/ROS2_FollowBot/FollowBotAROS2/src/mapping/install/setup.bash'
[17.017s] INFO:colcon.colcon_core.shell:Creating prefix script '/home/mlf_hntr/fb_ws/ROS2_FollowBot/FollowBotAROS2/src/mapping/install/local_setup.zsh'
[17.018s] INFO:colcon.colcon_core.shell:Creating prefix chain script '/home/mlf_hntr/fb_ws/ROS2_FollowBot/FollowBotAROS2/src/mapping/install/setup.zsh'
