-- The C compiler identification is GNU 13.3.0
-- The CXX compiler identification is GNU 13.3.0
-- Detecting C compiler ABI info
-- Detecting C compiler ABI info - done
-- Check for working C compiler: /usr/bin/cc - skipped
-- Detecting C compile features
-- Detecting C compile features - done
-- Detecting CXX compiler ABI info
-- Detecting CXX compiler ABI info - done
-- Check for working CXX compiler: /usr/bin/c++ - skipped
-- Detecting CXX compile features
-- Detecting CXX compile features - done
-- Found ament_cmake: 2.5.3 (/opt/ros/jazzy/share/ament_cmake/cmake)
-- Found Python3: /usr/bin/python3 (found version "3.12.3") found components: Interpreter 
-- Found ament_lint_auto: 0.17.1 (/opt/ros/jazzy/share/ament_lint_auto/cmake)
-- Added test 'lint_cmake' to check CMake code style
-- Added test 'xmllint' to check XML markup files
-- Configuring done (1.5s)
-- Generating done (0.0s)
-- Build files have been written to: /home/mlf_hntr/Projects/ROS2_FollowBot/FollowBotAROS2/src/build/mapping
-- Install configuration: ""
-- Installing: /home/mlf_hntr/Projects/ROS2_FollowBot/FollowBotAROS2/src/install/mapping/share/ament_index/resource_index/package_run_dependencies/mapping
-- Installing: /home/mlf_hntr/Projects/ROS2_FollowBot/FollowBotAROS2/src/install/mapping/share/ament_index/resource_index/parent_prefix_path/mapping
-- Installing: /home/mlf_hntr/Projects/ROS2_FollowBot/FollowBotAROS2/src/install/mapping/share/mapping/environment/ament_prefix_path.sh
-- Installing: /home/mlf_hntr/Projects/ROS2_FollowBot/FollowBotAROS2/src/install/mapping/share/mapping/environment/ament_prefix_path.dsv
-- Installing: /home/mlf_hntr/Projects/ROS2_FollowBot/FollowBotAROS2/src/install/mapping/share/mapping/environment/path.sh
-- Installing: /home/mlf_hntr/Projects/ROS2_FollowBot/FollowBotAROS2/src/install/mapping/share/mapping/environment/path.dsv
-- Installing: /home/mlf_hntr/Projects/ROS2_FollowBot/FollowBotAROS2/src/install/mapping/share/mapping/local_setup.bash
-- Installing: /home/mlf_hntr/Projects/ROS2_FollowBot/FollowBotAROS2/src/install/mapping/share/mapping/local_setup.sh
-- Installing: /home/mlf_hntr/Projects/ROS2_FollowBot/FollowBotAROS2/src/install/mapping/share/mapping/local_setup.zsh
-- Installing: /home/mlf_hntr/Projects/ROS2_FollowBot/FollowBotAROS2/src/install/mapping/share/mapping/local_setup.dsv
-- Installing: /home/mlf_hntr/Projects/ROS2_FollowBot/FollowBotAROS2/src/install/mapping/share/mapping/package.dsv
-- Installing: /home/mlf_hntr/Projects/ROS2_FollowBot/FollowBotAROS2/src/install/mapping/share/ament_index/resource_index/packages/mapping
-- Installing: /home/mlf_hntr/Projects/ROS2_FollowBot/FollowBotAROS2/src/install/mapping/share/mapping/cmake/mappingConfig.cmake
-- Installing: /home/mlf_hntr/Projects/ROS2_FollowBot/FollowBotAROS2/src/install/mapping/share/mapping/cmake/mappingConfig-version.cmake
-- Installing: /home/mlf_hntr/Projects/ROS2_FollowBot/FollowBotAROS2/src/install/mapping/share/mapping/package.xml
