[0.014s] Invoking command in '/home/mlf_hntr/Projects/ROS2_FollowBot/FollowBotAROS2/src/build/mapping': CMAKE_PREFIX_PATH=${CMAKE_PREFIX_PATH}:/opt/ros/jazzy DEBUGINFOD_URLS=https://debuginfod.ubuntu.com /usr/bin/cmake /home/mlf_hntr/Projects/ROS2_FollowBot/FollowBotAROS2/src/mapping -DCMAKE_INSTALL_PREFIX=/home/mlf_hntr/Projects/ROS2_FollowBot/FollowBotAROS2/src/install/mapping
[0.232s] -- The C compiler identification is GNU 13.3.0
[0.419s] -- The CXX compiler identification is GNU 13.3.0
[0.449s] -- Detecting C compiler ABI info
[0.631s] -- Detecting C compiler ABI info - done
[0.645s] -- Check for working C compiler: /usr/bin/cc - skipped
[0.654s] -- Detecting C compile features
[0.654s] -- Detecting C compile features - done
[0.671s] -- Detecting CXX compiler ABI info
[0.861s] -- Detecting CXX compiler ABI info - done
[0.876s] -- Check for working CXX compiler: /usr/bin/c++ - skipped
[0.876s] -- Detecting CXX compile features
[0.877s] -- Detecting CXX compile features - done
[0.889s] -- Found ament_cmake: 2.5.3 (/opt/ros/jazzy/share/ament_cmake/cmake)
[1.145s] -- Found Python3: /usr/bin/python3 (found version "3.12.3") found components: Interpreter 
[1.352s] -- Found ament_lint_auto: 0.17.1 (/opt/ros/jazzy/share/ament_lint_auto/cmake)
[1.537s] -- Added test 'lint_cmake' to check CMake code style
[1.538s] -- Added test 'xmllint' to check XML markup files
[1.541s] -- Configuring done (1.5s)
[1.545s] -- Generating done (0.0s)
[1.548s] -- Build files have been written to: /home/mlf_hntr/Projects/ROS2_FollowBot/FollowBotAROS2/src/build/mapping
[1.556s] Invoked command in '/home/mlf_hntr/Projects/ROS2_FollowBot/FollowBotAROS2/src/build/mapping' returned '0': CMAKE_PREFIX_PATH=${CMAKE_PREFIX_PATH}:/opt/ros/jazzy DEBUGINFOD_URLS=https://debuginfod.ubuntu.com /usr/bin/cmake /home/mlf_hntr/Projects/ROS2_FollowBot/FollowBotAROS2/src/mapping -DCMAKE_INSTALL_PREFIX=/home/mlf_hntr/Projects/ROS2_FollowBot/FollowBotAROS2/src/install/mapping
[1.559s] Invoking command in '/home/mlf_hntr/Projects/ROS2_FollowBot/FollowBotAROS2/src/build/mapping': CMAKE_PREFIX_PATH=${CMAKE_PREFIX_PATH}:/opt/ros/jazzy DEBUGINFOD_URLS=https://debuginfod.ubuntu.com /usr/bin/cmake --build /home/mlf_hntr/Projects/ROS2_FollowBot/FollowBotAROS2/src/build/mapping -- -j4 -l4
[1.623s] Invoked command in '/home/mlf_hntr/Projects/ROS2_FollowBot/FollowBotAROS2/src/build/mapping' returned '0': CMAKE_PREFIX_PATH=${CMAKE_PREFIX_PATH}:/opt/ros/jazzy DEBUGINFOD_URLS=https://debuginfod.ubuntu.com /usr/bin/cmake --build /home/mlf_hntr/Projects/ROS2_FollowBot/FollowBotAROS2/src/build/mapping -- -j4 -l4
[1.640s] Invoking command in '/home/mlf_hntr/Projects/ROS2_FollowBot/FollowBotAROS2/src/build/mapping': CMAKE_PREFIX_PATH=${CMAKE_PREFIX_PATH}:/opt/ros/jazzy DEBUGINFOD_URLS=https://debuginfod.ubuntu.com /usr/bin/cmake --install /home/mlf_hntr/Projects/ROS2_FollowBot/FollowBotAROS2/src/build/mapping
[1.652s] -- Install configuration: ""
[1.653s] -- Installing: /home/mlf_hntr/Projects/ROS2_FollowBot/FollowBotAROS2/src/install/mapping/share/ament_index/resource_index/package_run_dependencies/mapping
[1.653s] -- Installing: /home/mlf_hntr/Projects/ROS2_FollowBot/FollowBotAROS2/src/install/mapping/share/ament_index/resource_index/parent_prefix_path/mapping
[1.653s] -- Installing: /home/mlf_hntr/Projects/ROS2_FollowBot/FollowBotAROS2/src/install/mapping/share/mapping/environment/ament_prefix_path.sh
[1.653s] -- Installing: /home/mlf_hntr/Projects/ROS2_FollowBot/FollowBotAROS2/src/install/mapping/share/mapping/environment/ament_prefix_path.dsv
[1.654s] -- Installing: /home/mlf_hntr/Projects/ROS2_FollowBot/FollowBotAROS2/src/install/mapping/share/mapping/environment/path.sh
[1.654s] -- Installing: /home/mlf_hntr/Projects/ROS2_FollowBot/FollowBotAROS2/src/install/mapping/share/mapping/environment/path.dsv
[1.654s] -- Installing: /home/mlf_hntr/Projects/ROS2_FollowBot/FollowBotAROS2/src/install/mapping/share/mapping/local_setup.bash
[1.654s] -- Installing: /home/mlf_hntr/Projects/ROS2_FollowBot/FollowBotAROS2/src/install/mapping/share/mapping/local_setup.sh
[1.654s] -- Installing: /home/mlf_hntr/Projects/ROS2_FollowBot/FollowBotAROS2/src/install/mapping/share/mapping/local_setup.zsh
[1.654s] -- Installing: /home/mlf_hntr/Projects/ROS2_FollowBot/FollowBotAROS2/src/install/mapping/share/mapping/local_setup.dsv
[1.655s] -- Installing: /home/mlf_hntr/Projects/ROS2_FollowBot/FollowBotAROS2/src/install/mapping/share/mapping/package.dsv
[1.655s] -- Installing: /home/mlf_hntr/Projects/ROS2_FollowBot/FollowBotAROS2/src/install/mapping/share/ament_index/resource_index/packages/mapping
[1.655s] -- Installing: /home/mlf_hntr/Projects/ROS2_FollowBot/FollowBotAROS2/src/install/mapping/share/mapping/cmake/mappingConfig.cmake
[1.655s] -- Installing: /home/mlf_hntr/Projects/ROS2_FollowBot/FollowBotAROS2/src/install/mapping/share/mapping/cmake/mappingConfig-version.cmake
[1.655s] -- Installing: /home/mlf_hntr/Projects/ROS2_FollowBot/FollowBotAROS2/src/install/mapping/share/mapping/package.xml
[1.659s] Invoked command in '/home/mlf_hntr/Projects/ROS2_FollowBot/FollowBotAROS2/src/build/mapping' returned '0': CMAKE_PREFIX_PATH=${CMAKE_PREFIX_PATH}:/opt/ros/jazzy DEBUGINFOD_URLS=https://debuginfod.ubuntu.com /usr/bin/cmake --install /home/mlf_hntr/Projects/ROS2_FollowBot/FollowBotAROS2/src/build/mapping
