[0.138s] DEBUG:colcon:Command line arguments: ['/usr/bin/colcon', 'build']
[0.138s] DEBUG:colcon:Parsed command line arguments: Namespace(log_base=None, log_level=None, verb_name='build', build_base='build', install_base='install', merge_install=False, symlink_install=False, test_result_base=None, continue_on_error=False, executor='parallel', parallel_workers=4, event_handlers=None, ignore_user_meta=False, metas=['./colcon.meta'], base_paths=['.'], packages_ignore=None, packages_ignore_regex=None, paths=None, packages_up_to=None, packages_up_to_regex=None, packages_above=None, packages_above_and_dependencies=None, packages_above_depth=None, packages_select_by_dep=None, packages_skip_by_dep=None, packages_skip_up_to=None, packages_select_build_failed=False, packages_skip_build_finished=False, packages_select_test_failures=False, packages_skip_test_passed=False, packages_select=None, packages_skip=None, packages_select_regex=None, packages_skip_regex=None, packages_start=None, packages_end=None, allow_overriding=[], cmake_args=None, cmake_target=None, cmake_target_skip_unavailable=False, cmake_clean_cache=False, cmake_clean_first=False, cmake_force_configure=False, ament_cmake_args=None, catkin_cmake_args=None, catkin_skip_building_tests=False, mixin_files=None, mixin=None, verb_parser=<colcon_mixin.mixin.mixin_argument.MixinArgumentDecorator object at 0xffffb9cbed20>, verb_extension=<colcon_core.verb.build.BuildVerb object at 0xffffb9e6ec90>, main=<bound method BuildVerb.main of <colcon_core.verb.build.BuildVerb object at 0xffffb9e6ec90>>, mixin_verb=('build',))
[0.192s] Level 1:colcon.colcon_core.package_discovery:discover_packages(colcon_meta) check parameters
[0.192s] Level 1:colcon.colcon_core.package_discovery:discover_packages(recursive) check parameters
[0.192s] Level 1:colcon.colcon_core.package_discovery:discover_packages(ignore) check parameters
[0.192s] Level 1:colcon.colcon_core.package_discovery:discover_packages(path) check parameters
[0.192s] Level 1:colcon.colcon_core.package_discovery:discover_packages(colcon_meta) discover
[0.192s] Level 1:colcon.colcon_core.package_discovery:discover_packages(recursive) discover
[0.192s] INFO:colcon.colcon_core.package_discovery:Crawling recursively for packages in '/home/mlf_hntr/Projects/ROS2_FollowBot/FollowBotAROS2/src'
[0.192s] Level 1:colcon.colcon_core.package_identification:_identify(.) by extensions ['ignore', 'ignore_ament_install']
[0.193s] Level 1:colcon.colcon_core.package_identification:_identify(.) by extension 'ignore'
[0.193s] Level 1:colcon.colcon_core.package_identification:_identify(.) by extension 'ignore_ament_install'
[0.193s] Level 1:colcon.colcon_core.package_identification:_identify(.) by extensions ['colcon_pkg']
[0.193s] Level 1:colcon.colcon_core.package_identification:_identify(.) by extension 'colcon_pkg'
[0.193s] Level 1:colcon.colcon_core.package_identification:_identify(.) by extensions ['colcon_meta']
[0.193s] Level 1:colcon.colcon_core.package_identification:_identify(.) by extension 'colcon_meta'
[0.193s] Level 1:colcon.colcon_core.package_identification:_identify(.) by extensions ['ros']
[0.193s] Level 1:colcon.colcon_core.package_identification:_identify(.) by extension 'ros'
[0.229s] Level 1:colcon.colcon_core.package_identification:_identify(.) by extensions ['cmake', 'python']
[0.229s] Level 1:colcon.colcon_core.package_identification:_identify(.) by extension 'cmake'
[0.229s] Level 1:colcon.colcon_core.package_identification:_identify(.) by extension 'python'
[0.229s] Level 1:colcon.colcon_core.package_identification:_identify(.) by extensions ['python_setup_py']
[0.229s] Level 1:colcon.colcon_core.package_identification:_identify(.) by extension 'python_setup_py'
[0.229s] Level 1:colcon.colcon_core.package_identification:_identify(arduino_serial) by extensions ['ignore', 'ignore_ament_install']
[0.229s] Level 1:colcon.colcon_core.package_identification:_identify(arduino_serial) by extension 'ignore'
[0.229s] Level 1:colcon.colcon_core.package_identification:_identify(arduino_serial) by extension 'ignore_ament_install'
[0.230s] Level 1:colcon.colcon_core.package_identification:_identify(arduino_serial) by extensions ['colcon_pkg']
[0.230s] Level 1:colcon.colcon_core.package_identification:_identify(arduino_serial) by extension 'colcon_pkg'
[0.230s] Level 1:colcon.colcon_core.package_identification:_identify(arduino_serial) by extensions ['colcon_meta']
[0.230s] Level 1:colcon.colcon_core.package_identification:_identify(arduino_serial) by extension 'colcon_meta'
[0.230s] Level 1:colcon.colcon_core.package_identification:_identify(arduino_serial) by extensions ['ros']
[0.230s] Level 1:colcon.colcon_core.package_identification:_identify(arduino_serial) by extension 'ros'
[0.233s] DEBUG:colcon.colcon_core.package_identification:Package 'arduino_serial' with type 'ros.ament_cmake' and name 'arduino_serial'
[0.233s] Level 1:colcon.colcon_core.package_identification:_identify(build) by extensions ['ignore', 'ignore_ament_install']
[0.233s] Level 1:colcon.colcon_core.package_identification:_identify(build) by extension 'ignore'
[0.233s] Level 1:colcon.colcon_core.package_identification:_identify(build) ignored
[0.233s] Level 1:colcon.colcon_core.package_identification:_identify(install) by extensions ['ignore', 'ignore_ament_install']
[0.233s] Level 1:colcon.colcon_core.package_identification:_identify(install) by extension 'ignore'
[0.233s] Level 1:colcon.colcon_core.package_identification:_identify(install) ignored
[0.234s] Level 1:colcon.colcon_core.package_identification:_identify(log) by extensions ['ignore', 'ignore_ament_install']
[0.234s] Level 1:colcon.colcon_core.package_identification:_identify(log) by extension 'ignore'
[0.234s] Level 1:colcon.colcon_core.package_identification:_identify(log) ignored
[0.234s] Level 1:colcon.colcon_core.package_identification:_identify(mapping) by extensions ['ignore', 'ignore_ament_install']
[0.234s] Level 1:colcon.colcon_core.package_identification:_identify(mapping) by extension 'ignore'
[0.234s] Level 1:colcon.colcon_core.package_identification:_identify(mapping) by extension 'ignore_ament_install'
[0.234s] Level 1:colcon.colcon_core.package_identification:_identify(mapping) by extensions ['colcon_pkg']
[0.234s] Level 1:colcon.colcon_core.package_identification:_identify(mapping) by extension 'colcon_pkg'
[0.234s] Level 1:colcon.colcon_core.package_identification:_identify(mapping) by extensions ['colcon_meta']
[0.234s] Level 1:colcon.colcon_core.package_identification:_identify(mapping) by extension 'colcon_meta'
[0.234s] Level 1:colcon.colcon_core.package_identification:_identify(mapping) by extensions ['ros']
[0.234s] Level 1:colcon.colcon_core.package_identification:_identify(mapping) by extension 'ros'
[0.235s] DEBUG:colcon.colcon_core.package_identification:Package 'mapping' with type 'ros.ament_cmake' and name 'mapping'
[0.235s] Level 1:colcon.colcon_core.package_discovery:discover_packages(recursive) using defaults
[0.235s] Level 1:colcon.colcon_core.package_discovery:discover_packages(ignore) discover
[0.235s] Level 1:colcon.colcon_core.package_discovery:discover_packages(ignore) using defaults
[0.235s] Level 1:colcon.colcon_core.package_discovery:discover_packages(path) discover
[0.235s] Level 1:colcon.colcon_core.package_discovery:discover_packages(path) using defaults
[0.257s] Level 1:colcon.colcon_core.package_discovery:discover_packages(prefix_path) check parameters
[0.257s] Level 1:colcon.colcon_core.package_discovery:discover_packages(prefix_path) discover
[0.260s] DEBUG:colcon.colcon_installed_package_information.package_discovery:Found 285 installed packages in /opt/ros/jazzy
[0.261s] Level 1:colcon.colcon_core.package_discovery:discover_packages(prefix_path) using defaults
[0.320s] Level 5:colcon.colcon_core.verb:set package 'arduino_serial' build argument 'cmake_args' from command line to 'None'
[0.320s] Level 5:colcon.colcon_core.verb:set package 'arduino_serial' build argument 'cmake_target' from command line to 'None'
[0.320s] Level 5:colcon.colcon_core.verb:set package 'arduino_serial' build argument 'cmake_target_skip_unavailable' from command line to 'False'
[0.321s] Level 5:colcon.colcon_core.verb:set package 'arduino_serial' build argument 'cmake_clean_cache' from command line to 'False'
[0.321s] Level 5:colcon.colcon_core.verb:set package 'arduino_serial' build argument 'cmake_clean_first' from command line to 'False'
[0.321s] Level 5:colcon.colcon_core.verb:set package 'arduino_serial' build argument 'cmake_force_configure' from command line to 'False'
[0.321s] Level 5:colcon.colcon_core.verb:set package 'arduino_serial' build argument 'ament_cmake_args' from command line to 'None'
[0.321s] Level 5:colcon.colcon_core.verb:set package 'arduino_serial' build argument 'catkin_cmake_args' from command line to 'None'
[0.321s] Level 5:colcon.colcon_core.verb:set package 'arduino_serial' build argument 'catkin_skip_building_tests' from command line to 'False'
[0.321s] DEBUG:colcon.colcon_core.verb:Building package 'arduino_serial' with the following arguments: {'ament_cmake_args': None, 'build_base': '/home/mlf_hntr/Projects/ROS2_FollowBot/FollowBotAROS2/src/build/arduino_serial', 'catkin_cmake_args': None, 'catkin_skip_building_tests': False, 'cmake_args': None, 'cmake_clean_cache': False, 'cmake_clean_first': False, 'cmake_force_configure': False, 'cmake_target': None, 'cmake_target_skip_unavailable': False, 'install_base': '/home/mlf_hntr/Projects/ROS2_FollowBot/FollowBotAROS2/src/install/arduino_serial', 'merge_install': False, 'path': '/home/mlf_hntr/Projects/ROS2_FollowBot/FollowBotAROS2/src/arduino_serial', 'symlink_install': False, 'test_result_base': None}
[0.321s] Level 5:colcon.colcon_core.verb:set package 'mapping' build argument 'cmake_args' from command line to 'None'
[0.321s] Level 5:colcon.colcon_core.verb:set package 'mapping' build argument 'cmake_target' from command line to 'None'
[0.321s] Level 5:colcon.colcon_core.verb:set package 'mapping' build argument 'cmake_target_skip_unavailable' from command line to 'False'
[0.321s] Level 5:colcon.colcon_core.verb:set package 'mapping' build argument 'cmake_clean_cache' from command line to 'False'
[0.321s] Level 5:colcon.colcon_core.verb:set package 'mapping' build argument 'cmake_clean_first' from command line to 'False'
[0.321s] Level 5:colcon.colcon_core.verb:set package 'mapping' build argument 'cmake_force_configure' from command line to 'False'
[0.321s] Level 5:colcon.colcon_core.verb:set package 'mapping' build argument 'ament_cmake_args' from command line to 'None'
[0.321s] Level 5:colcon.colcon_core.verb:set package 'mapping' build argument 'catkin_cmake_args' from command line to 'None'
[0.321s] Level 5:colcon.colcon_core.verb:set package 'mapping' build argument 'catkin_skip_building_tests' from command line to 'False'
[0.321s] DEBUG:colcon.colcon_core.verb:Building package 'mapping' with the following arguments: {'ament_cmake_args': None, 'build_base': '/home/mlf_hntr/Projects/ROS2_FollowBot/FollowBotAROS2/src/build/mapping', 'catkin_cmake_args': None, 'catkin_skip_building_tests': False, 'cmake_args': None, 'cmake_clean_cache': False, 'cmake_clean_first': False, 'cmake_force_configure': False, 'cmake_target': None, 'cmake_target_skip_unavailable': False, 'install_base': '/home/mlf_hntr/Projects/ROS2_FollowBot/FollowBotAROS2/src/install/mapping', 'merge_install': False, 'path': '/home/mlf_hntr/Projects/ROS2_FollowBot/FollowBotAROS2/src/mapping', 'symlink_install': False, 'test_result_base': None}
[0.321s] INFO:colcon.colcon_core.executor:Executing jobs using 'parallel' executor
[0.323s] DEBUG:colcon.colcon_parallel_executor.executor.parallel:run_until_complete
[0.323s] INFO:colcon.colcon_ros.task.ament_cmake.build:Building ROS package in '/home/mlf_hntr/Projects/ROS2_FollowBot/FollowBotAROS2/src/arduino_serial' with build type 'ament_cmake'
[0.323s] INFO:colcon.colcon_cmake.task.cmake.build:Building CMake package in '/home/mlf_hntr/Projects/ROS2_FollowBot/FollowBotAROS2/src/arduino_serial'
[0.325s] INFO:colcon.colcon_core.plugin_system:Skipping extension 'colcon_core.shell.bat': Not used on non-Windows systems
[0.326s] INFO:colcon.colcon_core.shell:Skip shell extension 'powershell' for command environment: Not usable outside of PowerShell
[0.326s] DEBUG:colcon.colcon_core.shell:Skip shell extension 'dsv' for command environment
[0.329s] INFO:colcon.colcon_ros.task.ament_cmake.build:Building ROS package in '/home/mlf_hntr/Projects/ROS2_FollowBot/FollowBotAROS2/src/mapping' with build type 'ament_cmake'
[0.330s] INFO:colcon.colcon_cmake.task.cmake.build:Building CMake package in '/home/mlf_hntr/Projects/ROS2_FollowBot/FollowBotAROS2/src/mapping'
[0.330s] INFO:colcon.colcon_core.shell:Skip shell extension 'powershell' for command environment: Not usable outside of PowerShell
[0.330s] DEBUG:colcon.colcon_core.shell:Skip shell extension 'dsv' for command environment
[0.339s] DEBUG:colcon.colcon_core.event_handler.log_command:Invoking command in '/home/mlf_hntr/Projects/ROS2_FollowBot/FollowBotAROS2/src/build/arduino_serial': CMAKE_PREFIX_PATH=${CMAKE_PREFIX_PATH}:/opt/ros/jazzy DEBUGINFOD_URLS=https://debuginfod.ubuntu.com /usr/bin/cmake --build /home/mlf_hntr/Projects/ROS2_FollowBot/FollowBotAROS2/src/build/arduino_serial -- -j4 -l4
[0.346s] DEBUG:colcon.colcon_core.event_handler.log_command:Invoking command in '/home/mlf_hntr/Projects/ROS2_FollowBot/FollowBotAROS2/src/build/mapping': CMAKE_PREFIX_PATH=${CMAKE_PREFIX_PATH}:/opt/ros/jazzy DEBUGINFOD_URLS=https://debuginfod.ubuntu.com /usr/bin/cmake --build /home/mlf_hntr/Projects/ROS2_FollowBot/FollowBotAROS2/src/build/mapping -- -j4 -l4
[0.408s] DEBUG:colcon.colcon_core.event_handler.log_command:Invoked command in '/home/mlf_hntr/Projects/ROS2_FollowBot/FollowBotAROS2/src/build/mapping' returned '0': CMAKE_PREFIX_PATH=${CMAKE_PREFIX_PATH}:/opt/ros/jazzy DEBUGINFOD_URLS=https://debuginfod.ubuntu.com /usr/bin/cmake --build /home/mlf_hntr/Projects/ROS2_FollowBot/FollowBotAROS2/src/build/mapping -- -j4 -l4
[0.424s] DEBUG:colcon.colcon_core.event_handler.log_command:Invoking command in '/home/mlf_hntr/Projects/ROS2_FollowBot/FollowBotAROS2/src/build/mapping': CMAKE_PREFIX_PATH=${CMAKE_PREFIX_PATH}:/opt/ros/jazzy DEBUGINFOD_URLS=https://debuginfod.ubuntu.com /usr/bin/cmake --install /home/mlf_hntr/Projects/ROS2_FollowBot/FollowBotAROS2/src/build/mapping
[0.441s] Level 1:colcon.colcon_core.environment:create_environment_scripts_only(mapping)
[0.441s] DEBUG:colcon.colcon_core.event_handler.log_command:Invoked command in '/home/mlf_hntr/Projects/ROS2_FollowBot/FollowBotAROS2/src/build/mapping' returned '0': CMAKE_PREFIX_PATH=${CMAKE_PREFIX_PATH}:/opt/ros/jazzy DEBUGINFOD_URLS=https://debuginfod.ubuntu.com /usr/bin/cmake --install /home/mlf_hntr/Projects/ROS2_FollowBot/FollowBotAROS2/src/build/mapping
[0.444s] Level 1:colcon.colcon_core.environment:checking '/home/mlf_hntr/Projects/ROS2_FollowBot/FollowBotAROS2/src/install/mapping' for CMake module files
[0.444s] Level 1:colcon.colcon_core.environment:checking '/home/mlf_hntr/Projects/ROS2_FollowBot/FollowBotAROS2/src/install/mapping' for CMake config files
[0.445s] Level 1:colcon.colcon_core.shell:create_environment_hook('mapping', 'cmake_prefix_path')
[0.445s] INFO:colcon.colcon_core.shell:Creating environment hook '/home/mlf_hntr/Projects/ROS2_FollowBot/FollowBotAROS2/src/install/mapping/share/mapping/hook/cmake_prefix_path.ps1'
[0.446s] INFO:colcon.colcon_core.shell:Creating environment descriptor '/home/mlf_hntr/Projects/ROS2_FollowBot/FollowBotAROS2/src/install/mapping/share/mapping/hook/cmake_prefix_path.dsv'
[0.446s] INFO:colcon.colcon_core.shell:Creating environment hook '/home/mlf_hntr/Projects/ROS2_FollowBot/FollowBotAROS2/src/install/mapping/share/mapping/hook/cmake_prefix_path.sh'
[0.447s] Level 1:colcon.colcon_core.environment:checking '/home/mlf_hntr/Projects/ROS2_FollowBot/FollowBotAROS2/src/install/mapping/bin'
[0.447s] Level 1:colcon.colcon_core.environment:checking '/home/mlf_hntr/Projects/ROS2_FollowBot/FollowBotAROS2/src/install/mapping/lib/pkgconfig/mapping.pc'
[0.448s] Level 1:colcon.colcon_core.environment:checking '/home/mlf_hntr/Projects/ROS2_FollowBot/FollowBotAROS2/src/install/mapping/lib/python3.12/site-packages'
[0.448s] Level 1:colcon.colcon_core.environment:checking '/home/mlf_hntr/Projects/ROS2_FollowBot/FollowBotAROS2/src/install/mapping/bin'
[0.448s] INFO:colcon.colcon_core.shell:Creating package script '/home/mlf_hntr/Projects/ROS2_FollowBot/FollowBotAROS2/src/install/mapping/share/mapping/package.ps1'
[0.449s] INFO:colcon.colcon_core.shell:Creating package descriptor '/home/mlf_hntr/Projects/ROS2_FollowBot/FollowBotAROS2/src/install/mapping/share/mapping/package.dsv'
[0.449s] INFO:colcon.colcon_core.shell:Creating package script '/home/mlf_hntr/Projects/ROS2_FollowBot/FollowBotAROS2/src/install/mapping/share/mapping/package.sh'
[0.450s] INFO:colcon.colcon_core.shell:Creating package script '/home/mlf_hntr/Projects/ROS2_FollowBot/FollowBotAROS2/src/install/mapping/share/mapping/package.bash'
[0.451s] INFO:colcon.colcon_core.shell:Creating package script '/home/mlf_hntr/Projects/ROS2_FollowBot/FollowBotAROS2/src/install/mapping/share/mapping/package.zsh'
[0.452s] Level 1:colcon.colcon_core.environment:create_file_with_runtime_dependencies(/home/mlf_hntr/Projects/ROS2_FollowBot/FollowBotAROS2/src/install/mapping/share/colcon-core/packages/mapping)
[0.453s] Level 1:colcon.colcon_core.environment:create_environment_scripts_only(mapping)
[0.453s] Level 1:colcon.colcon_core.environment:checking '/home/mlf_hntr/Projects/ROS2_FollowBot/FollowBotAROS2/src/install/mapping' for CMake module files
[0.453s] Level 1:colcon.colcon_core.environment:checking '/home/mlf_hntr/Projects/ROS2_FollowBot/FollowBotAROS2/src/install/mapping' for CMake config files
[0.454s] Level 1:colcon.colcon_core.shell:create_environment_hook('mapping', 'cmake_prefix_path')
[0.454s] INFO:colcon.colcon_core.shell:Creating environment hook '/home/mlf_hntr/Projects/ROS2_FollowBot/FollowBotAROS2/src/install/mapping/share/mapping/hook/cmake_prefix_path.ps1'
[0.454s] INFO:colcon.colcon_core.shell:Creating environment descriptor '/home/mlf_hntr/Projects/ROS2_FollowBot/FollowBotAROS2/src/install/mapping/share/mapping/hook/cmake_prefix_path.dsv'
[0.455s] INFO:colcon.colcon_core.shell:Creating environment hook '/home/mlf_hntr/Projects/ROS2_FollowBot/FollowBotAROS2/src/install/mapping/share/mapping/hook/cmake_prefix_path.sh'
[0.455s] Level 1:colcon.colcon_core.environment:checking '/home/mlf_hntr/Projects/ROS2_FollowBot/FollowBotAROS2/src/install/mapping/bin'
[0.455s] Level 1:colcon.colcon_core.environment:checking '/home/mlf_hntr/Projects/ROS2_FollowBot/FollowBotAROS2/src/install/mapping/lib/pkgconfig/mapping.pc'
[0.456s] Level 1:colcon.colcon_core.environment:checking '/home/mlf_hntr/Projects/ROS2_FollowBot/FollowBotAROS2/src/install/mapping/lib/python3.12/site-packages'
[0.456s] Level 1:colcon.colcon_core.environment:checking '/home/mlf_hntr/Projects/ROS2_FollowBot/FollowBotAROS2/src/install/mapping/bin'
[0.456s] INFO:colcon.colcon_core.shell:Creating package script '/home/mlf_hntr/Projects/ROS2_FollowBot/FollowBotAROS2/src/install/mapping/share/mapping/package.ps1'
[0.457s] INFO:colcon.colcon_core.shell:Creating package descriptor '/home/mlf_hntr/Projects/ROS2_FollowBot/FollowBotAROS2/src/install/mapping/share/mapping/package.dsv'
[0.457s] INFO:colcon.colcon_core.shell:Creating package script '/home/mlf_hntr/Projects/ROS2_FollowBot/FollowBotAROS2/src/install/mapping/share/mapping/package.sh'
[0.458s] INFO:colcon.colcon_core.shell:Creating package script '/home/mlf_hntr/Projects/ROS2_FollowBot/FollowBotAROS2/src/install/mapping/share/mapping/package.bash'
[0.458s] INFO:colcon.colcon_core.shell:Creating package script '/home/mlf_hntr/Projects/ROS2_FollowBot/FollowBotAROS2/src/install/mapping/share/mapping/package.zsh'
[0.459s] Level 1:colcon.colcon_core.environment:create_file_with_runtime_dependencies(/home/mlf_hntr/Projects/ROS2_FollowBot/FollowBotAROS2/src/install/mapping/share/colcon-core/packages/mapping)
[5.065s] DEBUG:colcon.colcon_core.event_handler.log_command:Invoked command in '/home/mlf_hntr/Projects/ROS2_FollowBot/FollowBotAROS2/src/build/arduino_serial' returned '0': CMAKE_PREFIX_PATH=${CMAKE_PREFIX_PATH}:/opt/ros/jazzy DEBUGINFOD_URLS=https://debuginfod.ubuntu.com /usr/bin/cmake --build /home/mlf_hntr/Projects/ROS2_FollowBot/FollowBotAROS2/src/build/arduino_serial -- -j4 -l4
[5.067s] DEBUG:colcon.colcon_core.event_handler.log_command:Invoking command in '/home/mlf_hntr/Projects/ROS2_FollowBot/FollowBotAROS2/src/build/arduino_serial': CMAKE_PREFIX_PATH=${CMAKE_PREFIX_PATH}:/opt/ros/jazzy DEBUGINFOD_URLS=https://debuginfod.ubuntu.com /usr/bin/cmake --install /home/mlf_hntr/Projects/ROS2_FollowBot/FollowBotAROS2/src/build/arduino_serial
[5.088s] Level 1:colcon.colcon_core.environment:create_environment_scripts_only(arduino_serial)
[5.088s] Level 1:colcon.colcon_core.environment:checking '/home/mlf_hntr/Projects/ROS2_FollowBot/FollowBotAROS2/src/install/arduino_serial' for CMake module files
[5.088s] DEBUG:colcon.colcon_core.event_handler.log_command:Invoked command in '/home/mlf_hntr/Projects/ROS2_FollowBot/FollowBotAROS2/src/build/arduino_serial' returned '0': CMAKE_PREFIX_PATH=${CMAKE_PREFIX_PATH}:/opt/ros/jazzy DEBUGINFOD_URLS=https://debuginfod.ubuntu.com /usr/bin/cmake --install /home/mlf_hntr/Projects/ROS2_FollowBot/FollowBotAROS2/src/build/arduino_serial
[5.089s] Level 1:colcon.colcon_core.environment:checking '/home/mlf_hntr/Projects/ROS2_FollowBot/FollowBotAROS2/src/install/arduino_serial' for CMake config files
[5.089s] Level 1:colcon.colcon_core.shell:create_environment_hook('arduino_serial', 'cmake_prefix_path')
[5.090s] INFO:colcon.colcon_core.shell:Creating environment hook '/home/mlf_hntr/Projects/ROS2_FollowBot/FollowBotAROS2/src/install/arduino_serial/share/arduino_serial/hook/cmake_prefix_path.ps1'
[5.090s] INFO:colcon.colcon_core.shell:Creating environment descriptor '/home/mlf_hntr/Projects/ROS2_FollowBot/FollowBotAROS2/src/install/arduino_serial/share/arduino_serial/hook/cmake_prefix_path.dsv'
[5.091s] INFO:colcon.colcon_core.shell:Creating environment hook '/home/mlf_hntr/Projects/ROS2_FollowBot/FollowBotAROS2/src/install/arduino_serial/share/arduino_serial/hook/cmake_prefix_path.sh'
[5.091s] Level 1:colcon.colcon_core.environment:checking '/home/mlf_hntr/Projects/ROS2_FollowBot/FollowBotAROS2/src/install/arduino_serial/lib'
[5.092s] Level 1:colcon.colcon_core.environment:checking '/home/mlf_hntr/Projects/ROS2_FollowBot/FollowBotAROS2/src/install/arduino_serial/bin'
[5.092s] Level 1:colcon.colcon_core.environment:checking '/home/mlf_hntr/Projects/ROS2_FollowBot/FollowBotAROS2/src/install/arduino_serial/lib/pkgconfig/arduino_serial.pc'
[5.092s] Level 1:colcon.colcon_core.environment:checking '/home/mlf_hntr/Projects/ROS2_FollowBot/FollowBotAROS2/src/install/arduino_serial/lib/python3.12/site-packages'
[5.092s] Level 1:colcon.colcon_core.environment:checking '/home/mlf_hntr/Projects/ROS2_FollowBot/FollowBotAROS2/src/install/arduino_serial/bin'
[5.092s] INFO:colcon.colcon_core.shell:Creating package script '/home/mlf_hntr/Projects/ROS2_FollowBot/FollowBotAROS2/src/install/arduino_serial/share/arduino_serial/package.ps1'
[5.093s] INFO:colcon.colcon_core.shell:Creating package descriptor '/home/mlf_hntr/Projects/ROS2_FollowBot/FollowBotAROS2/src/install/arduino_serial/share/arduino_serial/package.dsv'
[5.094s] INFO:colcon.colcon_core.shell:Creating package script '/home/mlf_hntr/Projects/ROS2_FollowBot/FollowBotAROS2/src/install/arduino_serial/share/arduino_serial/package.sh'
[5.094s] INFO:colcon.colcon_core.shell:Creating package script '/home/mlf_hntr/Projects/ROS2_FollowBot/FollowBotAROS2/src/install/arduino_serial/share/arduino_serial/package.bash'
[5.094s] INFO:colcon.colcon_core.shell:Creating package script '/home/mlf_hntr/Projects/ROS2_FollowBot/FollowBotAROS2/src/install/arduino_serial/share/arduino_serial/package.zsh'
[5.095s] Level 1:colcon.colcon_core.environment:create_file_with_runtime_dependencies(/home/mlf_hntr/Projects/ROS2_FollowBot/FollowBotAROS2/src/install/arduino_serial/share/colcon-core/packages/arduino_serial)
[5.095s] Level 1:colcon.colcon_core.environment:create_environment_scripts_only(arduino_serial)
[5.096s] Level 1:colcon.colcon_core.environment:checking '/home/mlf_hntr/Projects/ROS2_FollowBot/FollowBotAROS2/src/install/arduino_serial' for CMake module files
[5.096s] Level 1:colcon.colcon_core.environment:checking '/home/mlf_hntr/Projects/ROS2_FollowBot/FollowBotAROS2/src/install/arduino_serial' for CMake config files
[5.097s] Level 1:colcon.colcon_core.shell:create_environment_hook('arduino_serial', 'cmake_prefix_path')
[5.097s] INFO:colcon.colcon_core.shell:Creating environment hook '/home/mlf_hntr/Projects/ROS2_FollowBot/FollowBotAROS2/src/install/arduino_serial/share/arduino_serial/hook/cmake_prefix_path.ps1'
[5.097s] INFO:colcon.colcon_core.shell:Creating environment descriptor '/home/mlf_hntr/Projects/ROS2_FollowBot/FollowBotAROS2/src/install/arduino_serial/share/arduino_serial/hook/cmake_prefix_path.dsv'
[5.098s] INFO:colcon.colcon_core.shell:Creating environment hook '/home/mlf_hntr/Projects/ROS2_FollowBot/FollowBotAROS2/src/install/arduino_serial/share/arduino_serial/hook/cmake_prefix_path.sh'
[5.099s] Level 1:colcon.colcon_core.environment:checking '/home/mlf_hntr/Projects/ROS2_FollowBot/FollowBotAROS2/src/install/arduino_serial/lib'
[5.099s] Level 1:colcon.colcon_core.environment:checking '/home/mlf_hntr/Projects/ROS2_FollowBot/FollowBotAROS2/src/install/arduino_serial/bin'
[5.099s] Level 1:colcon.colcon_core.environment:checking '/home/mlf_hntr/Projects/ROS2_FollowBot/FollowBotAROS2/src/install/arduino_serial/lib/pkgconfig/arduino_serial.pc'
[5.099s] Level 1:colcon.colcon_core.environment:checking '/home/mlf_hntr/Projects/ROS2_FollowBot/FollowBotAROS2/src/install/arduino_serial/lib/python3.12/site-packages'
[5.100s] Level 1:colcon.colcon_core.environment:checking '/home/mlf_hntr/Projects/ROS2_FollowBot/FollowBotAROS2/src/install/arduino_serial/bin'
[5.100s] INFO:colcon.colcon_core.shell:Creating package script '/home/mlf_hntr/Projects/ROS2_FollowBot/FollowBotAROS2/src/install/arduino_serial/share/arduino_serial/package.ps1'
[5.101s] INFO:colcon.colcon_core.shell:Creating package descriptor '/home/mlf_hntr/Projects/ROS2_FollowBot/FollowBotAROS2/src/install/arduino_serial/share/arduino_serial/package.dsv'
[5.101s] INFO:colcon.colcon_core.shell:Creating package script '/home/mlf_hntr/Projects/ROS2_FollowBot/FollowBotAROS2/src/install/arduino_serial/share/arduino_serial/package.sh'
[5.102s] INFO:colcon.colcon_core.shell:Creating package script '/home/mlf_hntr/Projects/ROS2_FollowBot/FollowBotAROS2/src/install/arduino_serial/share/arduino_serial/package.bash'
[5.102s] INFO:colcon.colcon_core.shell:Creating package script '/home/mlf_hntr/Projects/ROS2_FollowBot/FollowBotAROS2/src/install/arduino_serial/share/arduino_serial/package.zsh'
[5.103s] Level 1:colcon.colcon_core.environment:create_file_with_runtime_dependencies(/home/mlf_hntr/Projects/ROS2_FollowBot/FollowBotAROS2/src/install/arduino_serial/share/colcon-core/packages/arduino_serial)
[5.103s] DEBUG:colcon.colcon_parallel_executor.executor.parallel:closing loop
[5.104s] DEBUG:colcon.colcon_parallel_executor.executor.parallel:loop closed
[5.104s] DEBUG:colcon.colcon_parallel_executor.executor.parallel:run_until_complete finished with '0'
[5.104s] DEBUG:colcon.colcon_core.event_reactor:joining thread
[5.111s] INFO:colcon.colcon_core.plugin_system:Skipping extension 'colcon_notification.desktop_notification.terminal_notifier': Not used on non-Darwin systems
[5.111s] INFO:colcon.colcon_core.plugin_system:Skipping extension 'colcon_notification.desktop_notification.win32': Not used on non-Windows systems
[5.111s] INFO:colcon.colcon_notification.desktop_notification:Sending desktop notification using 'notify2'
[5.112s] DEBUG:colcon.colcon_notification.desktop_notification.notify2:Failed to initialize notify2: org.freedesktop.DBus.Error.ServiceUnknown: The name org.freedesktop.Notifications was not provided by any .service files
[5.112s] DEBUG:colcon.colcon_core.event_reactor:joined thread
[5.112s] INFO:colcon.colcon_core.shell:Creating prefix script '/home/mlf_hntr/Projects/ROS2_FollowBot/FollowBotAROS2/src/install/local_setup.ps1'
[5.114s] INFO:colcon.colcon_core.shell:Creating prefix util module '/home/mlf_hntr/Projects/ROS2_FollowBot/FollowBotAROS2/src/install/_local_setup_util_ps1.py'
[5.115s] INFO:colcon.colcon_core.shell:Creating prefix chain script '/home/mlf_hntr/Projects/ROS2_FollowBot/FollowBotAROS2/src/install/setup.ps1'
[5.116s] INFO:colcon.colcon_core.shell:Creating prefix script '/home/mlf_hntr/Projects/ROS2_FollowBot/FollowBotAROS2/src/install/local_setup.sh'
[5.116s] INFO:colcon.colcon_core.shell:Creating prefix util module '/home/mlf_hntr/Projects/ROS2_FollowBot/FollowBotAROS2/src/install/_local_setup_util_sh.py'
[5.117s] INFO:colcon.colcon_core.shell:Creating prefix chain script '/home/mlf_hntr/Projects/ROS2_FollowBot/FollowBotAROS2/src/install/setup.sh'
[5.118s] INFO:colcon.colcon_core.shell:Creating prefix script '/home/mlf_hntr/Projects/ROS2_FollowBot/FollowBotAROS2/src/install/local_setup.bash'
[5.119s] INFO:colcon.colcon_core.shell:Creating prefix chain script '/home/mlf_hntr/Projects/ROS2_FollowBot/FollowBotAROS2/src/install/setup.bash'
[5.120s] INFO:colcon.colcon_core.shell:Creating prefix script '/home/mlf_hntr/Projects/ROS2_FollowBot/FollowBotAROS2/src/install/local_setup.zsh'
[5.120s] INFO:colcon.colcon_core.shell:Creating prefix chain script '/home/mlf_hntr/Projects/ROS2_FollowBot/FollowBotAROS2/src/install/setup.zsh'
