[ 50%] [32mBuilding CXX object CMakeFiles/arduino_serial_node.dir/src/arduino_serial_node.cpp.o[0m
[100%] [32m[1mLinking CXX executable arduino_serial_node[0m
[100%] Built target arduino_serial_node
-- Install configuration: ""
-- Installing: /home/mlf_hntr/Projects/ROS2_FollowBot/FollowBotAROS2/src/install/arduino_serial/lib/arduino_serial/arduino_serial_node
-- Set non-toolchain portion of runtime path of "/home/mlf_hntr/Projects/ROS2_FollowBot/FollowBotAROS2/src/install/arduino_serial/lib/arduino_serial/arduino_serial_node" to ""
-- Installing: /home/mlf_hntr/Projects/ROS2_FollowBot/FollowBotAROS2/src/install/arduino_serial/share/ament_index/resource_index/package_run_dependencies/arduino_serial
-- Installing: /home/mlf_hntr/Projects/ROS2_FollowBot/FollowBotAROS2/src/install/arduino_serial/share/ament_index/resource_index/parent_prefix_path/arduino_serial
-- Installing: /home/mlf_hntr/Projects/ROS2_FollowBot/FollowBotAROS2/src/install/arduino_serial/share/arduino_serial/environment/ament_prefix_path.sh
-- Installing: /home/mlf_hntr/Projects/ROS2_FollowBot/FollowBotAROS2/src/install/arduino_serial/share/arduino_serial/environment/ament_prefix_path.dsv
-- Installing: /home/mlf_hntr/Projects/ROS2_FollowBot/FollowBotAROS2/src/install/arduino_serial/share/arduino_serial/environment/path.sh
-- Installing: /home/mlf_hntr/Projects/ROS2_FollowBot/FollowBotAROS2/src/install/arduino_serial/share/arduino_serial/environment/path.dsv
-- Installing: /home/mlf_hntr/Projects/ROS2_FollowBot/FollowBotAROS2/src/install/arduino_serial/share/arduino_serial/local_setup.bash
-- Installing: /home/mlf_hntr/Projects/ROS2_FollowBot/FollowBotAROS2/src/install/arduino_serial/share/arduino_serial/local_setup.sh
-- Installing: /home/mlf_hntr/Projects/ROS2_FollowBot/FollowBotAROS2/src/install/arduino_serial/share/arduino_serial/local_setup.zsh
-- Installing: /home/mlf_hntr/Projects/ROS2_FollowBot/FollowBotAROS2/src/install/arduino_serial/share/arduino_serial/local_setup.dsv
-- Up-to-date: /home/mlf_hntr/Projects/ROS2_FollowBot/FollowBotAROS2/src/install/arduino_serial/share/arduino_serial/package.dsv
-- Installing: /home/mlf_hntr/Projects/ROS2_FollowBot/FollowBotAROS2/src/install/arduino_serial/share/ament_index/resource_index/packages/arduino_serial
-- Installing: /home/mlf_hntr/Projects/ROS2_FollowBot/FollowBotAROS2/src/install/arduino_serial/share/arduino_serial/cmake/arduino_serialConfig.cmake
-- Installing: /home/mlf_hntr/Projects/ROS2_FollowBot/FollowBotAROS2/src/install/arduino_serial/share/arduino_serial/cmake/arduino_serialConfig-version.cmake
-- Installing: /home/mlf_hntr/Projects/ROS2_FollowBot/FollowBotAROS2/src/install/arduino_serial/share/arduino_serial/package.xml
