[0.016s] Invoking command in '/home/mlf_hntr/Projects/ROS2_FollowBot/FollowBotAROS2/src/build/arduino_serial': CMAKE_PREFIX_PATH=${CMAKE_PREFIX_PATH}:/opt/ros/jazzy DEBUGINFOD_URLS=https://debuginfod.ubuntu.com /usr/bin/cmake --build /home/mlf_hntr/Projects/ROS2_FollowBot/FollowBotAROS2/src/build/arduino_serial -- -j4 -l4
[0.097s] [ 50%] [32mBuilding CXX object CMakeFiles/arduino_serial_node.dir/src/arduino_serial_node.cpp.o[0m
[4.473s] [100%] [32m[1mLinking CXX executable arduino_serial_node[0m
[4.722s] [100%] Built target arduino_serial_node
[4.742s] Invoked command in '/home/mlf_hntr/Projects/ROS2_FollowBot/FollowBotAROS2/src/build/arduino_serial' returned '0': CMAKE_PREFIX_PATH=${CMAKE_PREFIX_PATH}:/opt/ros/jazzy DEBUGINFOD_URLS=https://debuginfod.ubuntu.com /usr/bin/cmake --build /home/mlf_hntr/Projects/ROS2_FollowBot/FollowBotAROS2/src/build/arduino_serial -- -j4 -l4
[4.744s] Invoking command in '/home/mlf_hntr/Projects/ROS2_FollowBot/FollowBotAROS2/src/build/arduino_serial': CMAKE_PREFIX_PATH=${CMAKE_PREFIX_PATH}:/opt/ros/jazzy DEBUGINFOD_URLS=https://debuginfod.ubuntu.com /usr/bin/cmake --install /home/mlf_hntr/Projects/ROS2_FollowBot/FollowBotAROS2/src/build/arduino_serial
[4.757s] -- Install configuration: ""
[4.757s] -- Installing: /home/mlf_hntr/Projects/ROS2_FollowBot/FollowBotAROS2/src/install/arduino_serial/lib/arduino_serial/arduino_serial_node
[4.758s] -- Set non-toolchain portion of runtime path of "/home/mlf_hntr/Projects/ROS2_FollowBot/FollowBotAROS2/src/install/arduino_serial/lib/arduino_serial/arduino_serial_node" to ""
[4.759s] -- Installing: /home/mlf_hntr/Projects/ROS2_FollowBot/FollowBotAROS2/src/install/arduino_serial/share/ament_index/resource_index/package_run_dependencies/arduino_serial
[4.759s] -- Installing: /home/mlf_hntr/Projects/ROS2_FollowBot/FollowBotAROS2/src/install/arduino_serial/share/ament_index/resource_index/parent_prefix_path/arduino_serial
[4.759s] -- Installing: /home/mlf_hntr/Projects/ROS2_FollowBot/FollowBotAROS2/src/install/arduino_serial/share/arduino_serial/environment/ament_prefix_path.sh
[4.760s] -- Installing: /home/mlf_hntr/Projects/ROS2_FollowBot/FollowBotAROS2/src/install/arduino_serial/share/arduino_serial/environment/ament_prefix_path.dsv
[4.760s] -- Installing: /home/mlf_hntr/Projects/ROS2_FollowBot/FollowBotAROS2/src/install/arduino_serial/share/arduino_serial/environment/path.sh
[4.760s] -- Installing: /home/mlf_hntr/Projects/ROS2_FollowBot/FollowBotAROS2/src/install/arduino_serial/share/arduino_serial/environment/path.dsv
[4.760s] -- Installing: /home/mlf_hntr/Projects/ROS2_FollowBot/FollowBotAROS2/src/install/arduino_serial/share/arduino_serial/local_setup.bash
[4.760s] -- Installing: /home/mlf_hntr/Projects/ROS2_FollowBot/FollowBotAROS2/src/install/arduino_serial/share/arduino_serial/local_setup.sh
[4.761s] -- Installing: /home/mlf_hntr/Projects/ROS2_FollowBot/FollowBotAROS2/src/install/arduino_serial/share/arduino_serial/local_setup.zsh
[4.761s] -- Installing: /home/mlf_hntr/Projects/ROS2_FollowBot/FollowBotAROS2/src/install/arduino_serial/share/arduino_serial/local_setup.dsv
[4.761s] -- Up-to-date: /home/mlf_hntr/Projects/ROS2_FollowBot/FollowBotAROS2/src/install/arduino_serial/share/arduino_serial/package.dsv
[4.761s] -- Installing: /home/mlf_hntr/Projects/ROS2_FollowBot/FollowBotAROS2/src/install/arduino_serial/share/ament_index/resource_index/packages/arduino_serial
[4.761s] -- Installing: /home/mlf_hntr/Projects/ROS2_FollowBot/FollowBotAROS2/src/install/arduino_serial/share/arduino_serial/cmake/arduino_serialConfig.cmake
[4.762s] -- Installing: /home/mlf_hntr/Projects/ROS2_FollowBot/FollowBotAROS2/src/install/arduino_serial/share/arduino_serial/cmake/arduino_serialConfig-version.cmake
[4.762s] -- Installing: /home/mlf_hntr/Projects/ROS2_FollowBot/FollowBotAROS2/src/install/arduino_serial/share/arduino_serial/package.xml
[4.765s] Invoked command in '/home/mlf_hntr/Projects/ROS2_FollowBot/FollowBotAROS2/src/build/arduino_serial' returned '0': CMAKE_PREFIX_PATH=${CMAKE_PREFIX_PATH}:/opt/ros/jazzy DEBUGINFOD_URLS=https://debuginfod.ubuntu.com /usr/bin/cmake --install /home/mlf_hntr/Projects/ROS2_FollowBot/FollowBotAROS2/src/build/arduino_serial
