[0.015s] Invoking command in '/home/mlf_hntr/Projects/ROS2_FollowBot/FollowBotAROS2/src/build/mapping': CMAKE_PREFIX_PATH=${CMAKE_PREFIX_PATH}:/opt/ros/jazzy DEBUGINFOD_URLS=https://debuginfod.ubuntu.com /usr/bin/cmake --build /home/mlf_hntr/Projects/ROS2_FollowBot/FollowBotAROS2/src/build/mapping -- -j4 -l4
[0.078s] Invoked command in '/home/mlf_hntr/Projects/ROS2_FollowBot/FollowBotAROS2/src/build/mapping' returned '0': CMAKE_PREFIX_PATH=${CMAKE_PREFIX_PATH}:/opt/ros/jazzy DEBUGINFOD_URLS=https://debuginfod.ubuntu.com /usr/bin/cmake --build /home/mlf_hntr/Projects/ROS2_FollowBot/FollowBotAROS2/src/build/mapping -- -j4 -l4
[0.094s] Invoking command in '/home/mlf_hntr/Projects/ROS2_FollowBot/FollowBotAROS2/src/build/mapping': CMAKE_PREFIX_PATH=${CMAKE_PREFIX_PATH}:/opt/ros/jazzy DEBUGINFOD_URLS=https://debuginfod.ubuntu.com /usr/bin/cmake --install /home/mlf_hntr/Projects/ROS2_FollowBot/FollowBotAROS2/src/build/mapping
[0.108s] -- Install configuration: ""
[0.108s] -- Up-to-date: /home/mlf_hntr/Projects/ROS2_FollowBot/FollowBotAROS2/src/install/mapping/share/ament_index/resource_index/package_run_dependencies/mapping
[0.108s] -- Up-to-date: /home/mlf_hntr/Projects/ROS2_FollowBot/FollowBotAROS2/src/install/mapping/share/ament_index/resource_index/parent_prefix_path/mapping
[0.108s] -- Up-to-date: /home/mlf_hntr/Projects/ROS2_FollowBot/FollowBotAROS2/src/install/mapping/share/mapping/environment/ament_prefix_path.sh
[0.108s] -- Up-to-date: /home/mlf_hntr/Projects/ROS2_FollowBot/FollowBotAROS2/src/install/mapping/share/mapping/environment/ament_prefix_path.dsv
[0.108s] -- Up-to-date: /home/mlf_hntr/Projects/ROS2_FollowBot/FollowBotAROS2/src/install/mapping/share/mapping/environment/path.sh
[0.109s] -- Up-to-date: /home/mlf_hntr/Projects/ROS2_FollowBot/FollowBotAROS2/src/install/mapping/share/mapping/environment/path.dsv
[0.109s] -- Up-to-date: /home/mlf_hntr/Projects/ROS2_FollowBot/FollowBotAROS2/src/install/mapping/share/mapping/local_setup.bash
[0.109s] -- Up-to-date: /home/mlf_hntr/Projects/ROS2_FollowBot/FollowBotAROS2/src/install/mapping/share/mapping/local_setup.sh
[0.109s] -- Up-to-date: /home/mlf_hntr/Projects/ROS2_FollowBot/FollowBotAROS2/src/install/mapping/share/mapping/local_setup.zsh
[0.109s] -- Up-to-date: /home/mlf_hntr/Projects/ROS2_FollowBot/FollowBotAROS2/src/install/mapping/share/mapping/local_setup.dsv
[0.109s] -- Up-to-date: /home/mlf_hntr/Projects/ROS2_FollowBot/FollowBotAROS2/src/install/mapping/share/mapping/package.dsv
[0.109s] -- Up-to-date: /home/mlf_hntr/Projects/ROS2_FollowBot/FollowBotAROS2/src/install/mapping/share/ament_index/resource_index/packages/mapping
[0.109s] -- Up-to-date: /home/mlf_hntr/Projects/ROS2_FollowBot/FollowBotAROS2/src/install/mapping/share/mapping/cmake/mappingConfig.cmake
[0.109s] -- Up-to-date: /home/mlf_hntr/Projects/ROS2_FollowBot/FollowBotAROS2/src/install/mapping/share/mapping/cmake/mappingConfig-version.cmake
[0.109s] -- Up-to-date: /home/mlf_hntr/Projects/ROS2_FollowBot/FollowBotAROS2/src/install/mapping/share/mapping/package.xml
[0.111s] Invoked command in '/home/mlf_hntr/Projects/ROS2_FollowBot/FollowBotAROS2/src/build/mapping' returned '0': CMAKE_PREFIX_PATH=${CMAKE_PREFIX_PATH}:/opt/ros/jazzy DEBUGINFOD_URLS=https://debuginfod.ubuntu.com /usr/bin/cmake --install /home/mlf_hntr/Projects/ROS2_FollowBot/FollowBotAROS2/src/build/mapping
